<?xml version="1.0" encoding="UTF-8"?>
<!-- Generated by org.testng.reporters.JUnitReportReporter -->
<testsuite hostname="expertzlab21" name="Expertzlab.TestNGSamples.ParameterizationParallelEx1" tests="4" failures="0" timestamp="28 Sep 2018 10:45:15 GMT" time="0.000" errors="4">
  <testcase name="testParameterWithXML" time="0.000" classname="Expertzlab.TestNGSamples.ParameterizationParallelEx1">
    <error type="org.testng.TestNGException" message="
Parameter &#039;searchkey&#039; is required by @Test on method testParameterWithXML but has not been marked @Optional or defined
in /home/expertzlab21/eclipse-workspace/TestingSamples/TestNGSamples/ParallelparaEx1.xml">
      <![CDATA[org.testng.TestNGException: 
Parameter 'searchkey' is required by @Test on method testParameterWithXML but has not been marked @Optional or defined
in /home/expertzlab21/eclipse-workspace/TestingSamples/TestNGSamples/ParallelparaEx1.xml
	at org.testng.internal.Parameters.createParameters(Parameters.java:154)
	at org.testng.internal.Parameters.createParameters(Parameters.java:361)
	at org.testng.internal.Parameters.handleParameters(Parameters.java:451)
	at org.testng.internal.Invoker.handleParameters(Invoker.java:1274)
	at org.testng.internal.Invoker.createParameters(Invoker.java:989)
	at org.testng.internal.Invoker.invokeTestMethods(Invoker.java:1079)
	at org.testng.internal.TestMethodWorker.invokeTestMethods(TestMethodWorker.java:129)
	at org.testng.internal.TestMethodWorker.run(TestMethodWorker.java:112)
	at org.testng.TestRunner.privateRun(TestRunner.java:782)
	at org.testng.TestRunner.run(TestRunner.java:632)
	at org.testng.SuiteRunner.runTest(SuiteRunner.java:366)
	at org.testng.SuiteRunner.access$000(SuiteRunner.java:39)
	at org.testng.SuiteRunner$SuiteWorker.run(SuiteRunner.java:400)
	at org.testng.internal.thread.ThreadUtil$2.call(ThreadUtil.java:64)
	at java.util.concurrent.FutureTask.run(FutureTask.java:266)
	at java.util.concurrent.ThreadPoolExecutor.runWorker(ThreadPoolExecutor.java:1142)
	at java.util.concurrent.ThreadPoolExecutor$Worker.run(ThreadPoolExecutor.java:617)
	at java.lang.Thread.run(Thread.java:748)
]]>
    </error>
  </testcase> <!-- testParameterWithXML -->
  <testcase name="testParameterWithXML" time="0.000" classname="Expertzlab.TestNGSamples.ParameterizationParallelEx1">
    <error type="org.testng.TestNGException" message="
Parameter &#039;searchkey&#039; is required by @Test on method testParameterWithXML but has not been marked @Optional or defined
in /home/expertzlab21/eclipse-workspace/TestingSamples/TestNGSamples/ParallelparaEx1.xml">
      <![CDATA[org.testng.TestNGException: 
Parameter 'searchkey' is required by @Test on method testParameterWithXML but has not been marked @Optional or defined
in /home/expertzlab21/eclipse-workspace/TestingSamples/TestNGSamples/ParallelparaEx1.xml
	at org.testng.internal.Parameters.createParameters(Parameters.java:154)
	at org.testng.internal.Parameters.createParameters(Parameters.java:361)
	at org.testng.internal.Parameters.handleParameters(Parameters.java:451)
	at org.testng.internal.Invoker.handleParameters(Invoker.java:1274)
	at org.testng.internal.Invoker.createParameters(Invoker.java:989)
	at org.testng.internal.Invoker.invokeTestMethods(Invoker.java:1079)
	at org.testng.internal.TestMethodWorker.invokeTestMethods(TestMethodWorker.java:129)
	at org.testng.internal.TestMethodWorker.run(TestMethodWorker.java:112)
	at org.testng.TestRunner.privateRun(TestRunner.java:782)
	at org.testng.TestRunner.run(TestRunner.java:632)
	at org.testng.SuiteRunner.runTest(SuiteRunner.java:366)
	at org.testng.SuiteRunner.access$000(SuiteRunner.java:39)
	at org.testng.SuiteRunner$SuiteWorker.run(SuiteRunner.java:400)
	at org.testng.internal.thread.ThreadUtil$2.call(ThreadUtil.java:64)
	at java.util.concurrent.FutureTask.run(FutureTask.java:266)
	at java.util.concurrent.ThreadPoolExecutor.runWorker(ThreadPoolExecutor.java:1142)
	at java.util.concurrent.ThreadPoolExecutor$Worker.run(ThreadPoolExecutor.java:617)
	at java.lang.Thread.run(Thread.java:748)
]]>
    </error>
  </testcase> <!-- testParameterWithXML -->
  <testcase name="testParameterWithXML" time="0.000" classname="Expertzlab.TestNGSamples.ParameterizationParallelEx1">
    <error type="org.testng.TestNGException" message="
Parameter &#039;searchkey&#039; is required by @Test on method testParameterWithXML but has not been marked @Optional or defined
in /home/expertzlab21/eclipse-workspace/TestingSamples/TestNGSamples/ParallelparaEx1.xml">
      <![CDATA[org.testng.TestNGException: 
Parameter 'searchkey' is required by @Test on method testParameterWithXML but has not been marked @Optional or defined
in /home/expertzlab21/eclipse-workspace/TestingSamples/TestNGSamples/ParallelparaEx1.xml
	at org.testng.internal.Parameters.createParameters(Parameters.java:154)
	at org.testng.internal.Parameters.createParameters(Parameters.java:361)
	at org.testng.internal.Parameters.handleParameters(Parameters.java:451)
	at org.testng.internal.Invoker.handleParameters(Invoker.java:1274)
	at org.testng.internal.Invoker.createParameters(Invoker.java:989)
	at org.testng.internal.Invoker.invokeTestMethods(Invoker.java:1079)
	at org.testng.internal.TestMethodWorker.invokeTestMethods(TestMethodWorker.java:129)
	at org.testng.internal.TestMethodWorker.run(TestMethodWorker.java:112)
	at org.testng.TestRunner.privateRun(TestRunner.java:782)
	at org.testng.TestRunner.run(TestRunner.java:632)
	at org.testng.SuiteRunner.runTest(SuiteRunner.java:366)
	at org.testng.SuiteRunner.access$000(SuiteRunner.java:39)
	at org.testng.SuiteRunner$SuiteWorker.run(SuiteRunner.java:400)
	at org.testng.internal.thread.ThreadUtil$2.call(ThreadUtil.java:64)
	at java.util.concurrent.FutureTask.run(FutureTask.java:266)
	at java.util.concurrent.ThreadPoolExecutor.runWorker(ThreadPoolExecutor.java:1142)
	at java.util.concurrent.ThreadPoolExecutor$Worker.run(ThreadPoolExecutor.java:617)
	at java.lang.Thread.run(Thread.java:748)
]]>
    </error>
  </testcase> <!-- testParameterWithXML -->
  <testcase name="testParameterWithXML" time="0.000" classname="Expertzlab.TestNGSamples.ParameterizationParallelEx1">
    <error type="org.testng.TestNGException" message="
Parameter &#039;searchkey&#039; is required by @Test on method testParameterWithXML but has not been marked @Optional or defined
in /home/expertzlab21/eclipse-workspace/TestingSamples/TestNGSamples/ParallelparaEx1.xml">
      <![CDATA[org.testng.TestNGException: 
Parameter 'searchkey' is required by @Test on method testParameterWithXML but has not been marked @Optional or defined
in /home/expertzlab21/eclipse-workspace/TestingSamples/TestNGSamples/ParallelparaEx1.xml
	at org.testng.internal.Parameters.createParameters(Parameters.java:154)
	at org.testng.internal.Parameters.createParameters(Parameters.java:361)
	at org.testng.internal.Parameters.handleParameters(Parameters.java:451)
	at org.testng.internal.Invoker.handleParameters(Invoker.java:1274)
	at org.testng.internal.Invoker.createParameters(Invoker.java:989)
	at org.testng.internal.Invoker.invokeTestMethods(Invoker.java:1079)
	at org.testng.internal.TestMethodWorker.invokeTestMethods(TestMethodWorker.java:129)
	at org.testng.internal.TestMethodWorker.run(TestMethodWorker.java:112)
	at org.testng.TestRunner.privateRun(TestRunner.java:782)
	at org.testng.TestRunner.run(TestRunner.java:632)
	at org.testng.SuiteRunner.runTest(SuiteRunner.java:366)
	at org.testng.SuiteRunner.access$000(SuiteRunner.java:39)
	at org.testng.SuiteRunner$SuiteWorker.run(SuiteRunner.java:400)
	at org.testng.internal.thread.ThreadUtil$2.call(ThreadUtil.java:64)
	at java.util.concurrent.FutureTask.run(FutureTask.java:266)
	at java.util.concurrent.ThreadPoolExecutor.runWorker(ThreadPoolExecutor.java:1142)
	at java.util.concurrent.ThreadPoolExecutor$Worker.run(ThreadPoolExecutor.java:617)
	at java.lang.Thread.run(Thread.java:748)
]]>
    </error>
  </testcase> <!-- testParameterWithXML -->
</testsuite> <!-- Expertzlab.TestNGSamples.ParameterizationParallelEx1 -->
